make all --print-data-base --no-builtin-variables --no-builtin-rules --question
# GNU Make 4.2.1
 
# Built for x86_64-pc-linux-gnu
 
# Copyright (C) 1988-2016 Free Software Foundation, Inc.
 
# License GPLv3+: GNU GPL version 3 or later <http://gnu.org/licenses/gpl.html>
 
# This is free software: you are free to change and redistribute it.
 
# There is NO WARRANTY, to the extent permitted by law.
 

 
# Make data base, printed on Mon Jul  4 11:13:05 2022
 

# Variables
 

# 'override' directive
GNUMAKEFLAGS := 
# automatic
<D = $(patsubst %/,%,$(dir $<))
# automatic
?F = $(notdir $?)
# environment
DESKTOP_SESSION = ubuntu
# default
.SHELLFLAGS := -c
# environment
XDG_SESSION_CLASS = user
# environment
SNAP_COMMON = /var/snap/code/common
# environment
XDG_SESSION_TYPE = x11
# environment
VSCODE_LOG_NATIVE = false
# makefile (from 'Makefile', line 7)
FABYCONT = IControlador.o Fabrica.o
# automatic
?D = $(patsubst %/,%,$(dir $?))
# environment
IM_CONFIG_PHASE = 1
# automatic
@D = $(patsubst %/,%,$(dir $@))
# environment
XAUTHORITY = /run/user/1000/gdm/Xauthority
# environment
GDMSESSION = ubuntu
# environment
XMODIFIERS = @im=ibus
# makefile
CURDIR := /home/lucas/Documentos/GitHub/Lab4
# makefile
SHELL = /bin/sh
# environment
SNAP_DATA = /var/snap/code/99
# environment
VSCODE_NLS_CONFIG = {"locale":"es-419","availableLanguages":{},"_languagePackSupport":true}
# environment
JOURNAL_STREAM = 8:30412
# environment
XDG_CONFIG_DIRS = /etc/xdg/xdg-ubuntu:/etc/xdg
# environment
SNAP_INSTANCE_NAME = code
# environment
SNAP_ARCH = amd64
# makefile (from 'Makefile', line 1)
MAKEFILE_LIST :=  Makefile
# automatic
@F = $(notdir $@)
# environment
GIO_LAUNCHED_DESKTOP_FILE = /var/lib/snapd/desktop/applications/code_code.desktop
# environment
USERNAME = lucas
# environment
XDG_DATA_DIRS = /usr/share/ubuntu:/usr/local/share/:/usr/share/:/var/lib/snapd/desktop
# environment
DBUS_SESSION_BUS_ADDRESS = unix:path=/run/user/1000/bus,guid=dd07a5e25420492ef0a744de62c2f4f0
# environment
VSCODE_VERBOSE_LOGGING = true
# environment
_ = /snap/code/99/usr/share/code/code
# environment
MANAGERPID = 923
# environment
LESSOPEN = | /usr/bin/lesspipe %s
# environment
VSCODE_CWD = /home/lucas
# environment
GSETTINGS_SCHEMA_DIR = /snap/code/99/usr/share/glib-2.0/schemas
# default
MAKE_HOST := x86_64-pc-linux-gnu
# environment
PATH = /usr/local/sbin:/usr/local/bin:/usr/sbin:/usr/bin:/sbin:/bin:/usr/games:/usr/local/games:/snap/bin
# environment
GPG_AGENT_INFO = /run/user/1000/gnupg/S.gpg-agent:0:1
# environment
SESSION_MANAGER = local/lucas-VirtualBox:@/tmp/.ICE-unix/1187,unix/lucas-VirtualBox:/tmp/.ICE-unix/1187
# environment
XDG_RUNTIME_DIR = /run/user/1000
# environment
GDK_PIXBUF_MODULE_FILE = /home/lucas/snap/code/common/.cache/gdk-pixbuf-loaders.cache
# environment
SNAP = /snap/code/99
# environment
SNAP_VERSION = 30d9c6cd
# environment
XDG_MENU_PREFIX = gnome-
# environment
VSCODE_LOG_STACK = false
# environment
DISABLE_WAYLAND = 1
# environment
ELECTRON_RUN_AS_NODE = 1
# environment
INVOCATION_ID = da64779f48e948ceaed83673abb7fdf7
# environment
GDK_PIXBUF_MODULEDIR = /snap/code/99/usr/lib/x86_64-linux-gnu/gdk-pixbuf-2.0/2.10.0/loaders
# default
.FEATURES := target-specific order-only second-expansion else-if shortest-stem undefine oneshell archives jobserver output-sync check-symlink load
# makefile (from 'Makefile', line 8)
FUNCIONES = DatosDePrueba.o AltaUsuario.o FinalizarPartida.o IniciarPartida.o EliminarVideojuego.o VerInfoVideojuego.o SuscribirseAVideojuego.o PublicarVideojuego.o IniciarSesion.o
# environment
LS_COLORS = 
# environment
XDG_SESSION_DESKTOP = ubuntu
# environment
SSH_AUTH_SOCK = /run/user/1000/keyring/ssh
# environment
GIO_LAUNCHED_DESKTOP_FILE_PID = 2364
# automatic
%F = $(notdir $%)
# environment
DISPLAY = :0
# environment
VSCODE_PIPE_LOGGING = true
# environment
SNAP_INSTANCE_KEY = 
# environment
PWD = /home/lucas/Documentos/GitHub/Lab4
# makefile (from 'Makefile', line 5)
VJDEP = ICollection.o List.o IDictionary.o OrderedDictionary.o Categoria.o Suscripcion.o dtSuscripcion.o Estadistica.o Desarrollador.o Mensual.o Trimestral.o Anual.o Vitalicia.o
# default
.LOADED := 
# environment
SSH_AGENT_PID = 1146
# environment
ORIGINAL_XDG_CURRENT_DESKTOP = ubuntu:GNOME
# environment
GTK_MODULES = gail:atk-bridge
# environment
VSCODE_AMD_ENTRYPOINT = vs/workbench/api/node/extensionHostProcess
# environment
HOME = /home/lucas
# environment
LESSCLOSE = /usr/bin/lesspipe %s %s
# environment
VSCODE_CLI = 1
# environment
VSCODE_CODE_CACHE_PATH = /home/lucas/.config/Code/CachedData/30d9c6cd9483b2cc586687151bcbcd635f373630
# environment
LOGNAME = lucas
# environment
APPLICATION_INSIGHTS_NO_DIAGNOSTIC_CHANNEL = 1
# environment
SNAP_LIBRARY_PATH = /var/lib/snapd/lib/gl:/var/lib/snapd/lib/gl32:/var/lib/snapd/void
# environment
SNAP_CONTEXT = qgPciXJz889BO8BrA_VLU6BjWx7PTvW5bVDmDGBeGm9tVOpZngtE
# environment
ELECTRON_NO_ATTACH_CONSOLE = 1
# environment
SNAP_USER_COMMON = /home/lucas/snap/code/common
# environment
VSCODE_HANDLES_UNCAUGHT_ERRORS = true
# environment
GNOME_DESKTOP_SESSION_ID = this-is-deprecated
# automatic
^D = $(patsubst %/,%,$(dir $^))
# environment
MAKELEVEL := 0
# environment
SNAP_REAL_HOME = /home/lucas
# default
MAKE = $(MAKE_COMMAND)
# default
MAKECMDGOALS := all
# environment
QT_IM_MODULE = ibus
# environment
SNAP_USER_DATA = /home/lucas/snap/code/99
# environment
 
SHLVL = 0
# environment
GNOME_SHELL_SESSION_MODE = ubuntu
# environment
VSCODE_IPC_HOOK_EXTHOST = /run/user/1000/vscode-ipc-e0dfa829-94b1-44df-98a8-096c5e58fa04.sock
# default
MAKE_VERSION := 4.2.1
# environment
USER = lucas
# environment
SNAP_REVISION = 99
# makefile
.DEFAULT_GOAL := all
# environment
XDG_CURRENT_DESKTOP = Unity
# makefile (from 'Makefile', line 6)
JGDEP = Usuario.o Videojuego.o dtPartidaIndividual.o dtPartidaMultijugador.o ICollection.o Individual.o Multijugador.o Registro.o EnVivo.o
# automatic
%D = $(patsubst %/,%,$(dir $%))
# default
MAKE_COMMAND := make
# default
.VARIABLES := 
# automatic
*F = $(notdir $*)
# environment
LANGUAGE = es_UY:es
# environment
VSCODE_IPC_HOOK = /run/user/1000/vscode-f23a0542-1.68.1-main.sock
# environment
BAMF_DESKTOP_FILE_HINT = /var/lib/snapd/desktop/applications/code_code.desktop
# makefile
MAKEFLAGS = pqrR
# environment
MFLAGS = -pqrR
# automatic
*D = $(patsubst %/,%,$(dir $*))
# automatic
+D = $(patsubst %/,%,$(dir $+))
# environment
GDK_BACKEND = x11
# automatic
+F = $(notdir $+)
# environment
QT_ACCESSIBILITY = 1
# default
MAKEFILES := 
# makefile (from 'Makefile', line 4)
DATAS = dtCategoria.o dtPartidaIndividual.o dtPartidaMultijugador.o dtVideoJuego.o dtJugador.o
# environment
SNAP_COOKIE = qgPciXJz889BO8BrA_VLU6BjWx7PTvW5bVDmDGBeGm9tVOpZngtE
# automatic
<F = $(notdir $<)
# makefile (from 'Makefile', line 2)
GXX = g++
# environment
SNAP_NAME = code
# environment
LC_ALL = C
# environment
DBUS_STARTER_BUS_TYPE = session
# automatic
^F = $(notdir $^)
# default
SUFFIXES := 
# environment
SNAP_REEXEC = 
# environment
CHROME_DESKTOP = code-url-handler.desktop
# environment
WINDOWPATH = 2
# default
.INCLUDE_DIRS = /usr/include /usr/local/include /usr/include
# default
.RECIPEPREFIX := 
# environment
LANG = C
# environment
VSCODE_PID = 2409
# environment
DBUS_STARTER_ADDRESS = unix:path=/run/user/1000/bus,guid=dd07a5e25420492ef0a744de62c2f4f0
# variable set hash-table stats:
# Load=127/1024=12%, Rehash=0, Collisions=42/171=25%

# Pattern-specific Variable Values

# No pattern-specific variable values.

# Directories

# . (device 2053, inode 2509192): 87 files, no impossibilities.

# 87 files, no impossibilities in 1 directories.

# Implicit Rules

# No implicit rules.

# Files

dtEstadistica.o: Datatypes/dtEstadistica.cpp
#  Implicit rule search has not been done.
#  Last modified 2022-07-02 18:01:23.092223285
#  File has been updated.
#  Successfully updated.
#  recipe to execute (from 'Makefile', line 139):
	@$(GXX) -c $^

IControlador.o: IControlador/IControlador.cpp dtCategoria.o dtPartidaIndividual.o dtPartidaMultijugador.o dtVideoJuego.o dtJugador.o
#  Implicit rule search has not been done.
#  Last modified 2022-07-02 21:01:04.320577478
#  File has been updated.
#  Successfully updated.
#  recipe to execute (from 'Makefile', line 58):
	@$(GXX) -c $^

# Not a target:
EnVivo/EnVivo.cpp:
#  Implicit rule search has been done.
#  Last modified 2022-07-02 20:57:01.718373982
#  File has been updated.
#  Successfully updated.

Fabrica.o: Fabrica/Fabrica.cpp IControlador.o Controlador.o
#  Implicit rule search has not been done.
#  Last modified 2022-07-03 18:55:33.365739822
#  File has been updated.
#  Needs to be updated (-q is set).
# variable set hash-table stats:
# Load=0/32=0%, Rehash=0, Collisions=0/4=0%
#  recipe to execute (from 'Makefile', line 55):
	@$(GXX) -c $^

# Not a target:
Partida/Partida.cpp:
#  Implicit rule search has been done.
#  Last modified 2022-07-02 20:57:01.722374111
#  File has been updated.
#  Successfully updated.

# Not a target:
Suscripcion/Mensual.cpp:
#  Implicit rule search has been done.
#  Last modified 2022-06-28 18:03:12.103143658
#  File has been updated.
#  Successfully updated.

# Not a target:
Datatypes/dtPartida.cpp:
#  Implicit rule search has been done.
#  Last modified 2022-07-02 20:57:01.718373982
#  File has been updated.
#  Successfully updated.

# Not a target:
Multijugador/Multijugador.cpp:
#  Implicit rule search has been done.
#  Last modified 2022-07-02 20:57:01.722374111
#  File has been updated.
#  Successfully updated.

ListIterator.o: colecciones-genericas/collections/ListIterator.cpp ListNode.o
#  Implicit rule search has not been done.
#  Modification time never checked.
#  File has not been updated.
#  recipe to execute (from 'Makefile', line 167):
	@$(GXX) -c $^

clear:
#  Implicit rule search has not been done.
#  Modification time never checked.
#  File has not been updated.
#  recipe to execute (from 'Makefile', line 194):
	rm -f steam *.o *.out

# Not a target:
Datatypes/dtEstadistica.cpp:
#  Implicit rule search has been done.
#  Last modified 2022-07-02 17:50:43.239005472
#  File has been updated.
#  Successfully updated.

Trimestral.o: Suscripcion/Trimestral.cpp Suscripcion.o
#  Implicit rule search has not been done.
#  Last modified 2022-07-02 18:01:23.648223402
#  File has been updated.
#  Successfully updated.
#  recipe to execute (from 'Makefile', line 91):
	@$(GXX) -c $^

all: programa
#  Command line target.
#  Implicit rule search has been done.
#  File does not exist.
#  File has been updated.
#  Needs to be updated (-q is set).
# variable set hash-table stats:
# Load=0/32=0%, Rehash=0, Collisions=0/4=0%

dtCategoria.o: Datatypes/dtCategoria.cpp
#  Implicit rule search has not been done.
#  Last modified 2022-06-27 16:01:18.384779645
#  File has been updated.
#  Successfully updated.
#  recipe to execute (from 'Makefile', line 121):
	@$(GXX) -c $^

# Not a target:
Funciones/IniciarPartida.cpp:
#  Implicit rule search has not been done.
#  Modification time never checked.
#  File has not been updated.

dtPartidaMultijugador.o: Datatypes/dtPartidaMultijugador.cpp dtPartida.o
#  Implicit rule search has not been done.
#  Last modified 2022-07-02 21:01:03.940569887
#  File has been updated.
#  Successfully updated.
#  recipe to execute (from 'Makefile', line 130):
	@$(GXX) -c $^

ICollectible.o: colecciones-genericas/interfaces/ICollectible.cpp
#  Implicit rule search has not been done.
#  Last modified 2022-06-21 15:40:47.986694472
#  File has been updated.
#  Successfully updated.
#  recipe to execute (from 'Makefile', line 190):
	@$(GXX) -c $^

Jugador.o: Jugador/Jugador.cpp Usuario.o Videojuego.o dtPartidaIndividual.o dtPartidaMultijugador.o ICollection.o Individual.o Multijugador.o Registro.o EnVivo.o
#  Implicit rule search has not been done.
#  Last modified 2022-07-03 18:49:40.027682241
#  File has been updated.
#  Successfully updated.
#  recipe to execute (from 'Makefile', line 64):
	@$(GXX) -c $^

# Not a target:
colecciones-genericas/collections/ListNode.cpp:
#  Implicit rule search has been done.
#  Last modified 2022-06-14 18:18:06.13272392
#  File has been updated.
#  Successfully updated.

FinalizarPartida.o: Funciones/FinalizarPartida.cpp IControlador.o Fabrica.o
#  Implicit rule search has not been done.
#  Modification time never checked.
#  File has not been updated.
#  recipe to execute (from 'Makefile', line 39):
	@$(GXX) -c $^

IDictionary.o: colecciones-genericas/interfaces/IDictionary.cpp IKey.o ICollectible.o IIterator.o
#  Implicit rule search has not been done.
#  Last modified 2022-06-21 15:40:47.986694472
#  File has been updated.
#  Successfully updated.
#  recipe to execute (from 'Makefile', line 175):
	@$(GXX) -c $^

# Not a target:
Datatypes/dtCategoria.cpp:
#  Implicit rule search has been done.
#  Last modified 2022-06-22 21:00:06.306533222
#  File has been updated.
#  Successfully updated.

# Not a target:
Datatypes/dtPartidaMultijugador.cpp:
#  Implicit rule search has been done.
#  Last modified 2022-07-02 20:59:39.502734176
#  File has been updated.
#  Successfully updated.

Desarrollador.o: Desarrollador/Desarrollador.cpp Usuario.o
#  Implicit rule search has not been done.
#  Last modified 2022-06-28 12:57:31.686605069
#  File has been updated.
#  Successfully updated.
#  recipe to execute (from 'Makefile', line 79):
 
	@$(GXX) -c $^

programa: main.o DatosDePrueba.o AltaUsuario.o FinalizarPartida.o IniciarPartida.o EliminarVideojuego.o VerInfoVideojuego.o SuscribirseAVideojuego.o PublicarVideojuego.o IniciarSesion.o VerificarEnLista.o Fabrica.o IControlador.o Controlador.o Jugador.o Registro.o Contratacion.o Videojuego.o Categoria.o Desarrollador.o Usuario.o Anual.o Mensual.o Trimestral.o Vitalicia.o Suscripcion.o Estadistica.o Individual.o EnVivo.o Multijugador.o Partida.o Comentario.o dtCategoria.o dtJugador.o dtPartidaIndividual.o dtPartidaMultijugador.o dtPartida.o dtVideoJuego.o dtEstadistica.o dtSuscripcion.o String.o Integer.o OrderedDictionary.o OrderedDictionaryEntry.o List.o ListIterator.o ListNode.o IDictionary.o ICollection.o IIterator.o OrderedKey.o IKey.o ICollectible.o
#  Implicit rule search has not been done.
#  Last modified 2022-07-03 19:48:59.293517491
#  File has been updated.
#  Needs to be updated (-q is set).
# variable set hash-table stats:
# Load=0/32=0%, Rehash=0, Collisions=0/4=0%
#  recipe to execute (from 'Makefile', line 12):
	@$(GXX) -o $@ $^ 

# Not a target:
.SUFFIXES:
#  Implicit rule search has not been done.
#  Modification time never checked.
#  File has not been updated.

# Not a target:
Suscripcion/Vitalicia.cpp:
#  Implicit rule search has been done.
#  Last modified 2022-06-28 18:03:58.647212162
#  File has been updated.
#  Successfully updated.

IniciarPartida.o: Funciones/IniciarPartida.cpp VerificarEnLista.o IControlador.o Fabrica.o
#  Implicit rule search has not been done.
#  Modification time never checked.
#  File has not been updated.
#  recipe to execute (from 'Makefile', line 42):
	@$(GXX) -c $^

# Not a target:
Makefile:
#  Implicit rule search has been done.
#  Last modified 2022-07-02 20:59:39.486733799
#  File has been updated.
#  Successfully updated.

Multijugador.o: Multijugador/Multijugador.cpp Partida.o
#  Implicit rule search has not been done.
#  Last modified 2022-07-02 21:01:06.000610991
#  File has been updated.
#  Successfully updated.
#  recipe to execute (from 'Makefile', line 109):
	@$(GXX) -c $^

# Not a target:
Individual/Individual.cpp:
#  Implicit rule search has been done.
#  Last modified 2022-06-28 18:51:24.895033746
#  File has been updated.
#  Successfully updated.

# Not a target:
colecciones-genericas/interfaces/IIterator.cpp:
#  Implicit rule search has been done.
#  Last modified 2022-06-14 18:18:06.148724307
#  File has been updated.
#  Successfully updated.

# Not a target:
Funciones/PublicarVideojuego.cpp:
#  Implicit rule search has not been done.
#  Modification time never checked.
#  File has not been updated.

# Not a target:
Videojuego/Videojuego.cpp:
#  Implicit rule search has been done.
#  Last modified 2022-07-03 18:35:51.636683802
#  File has been updated.
#  Successfully updated.

# Not a target:
colecciones-genericas/interfaces/IKey.cpp:
#  Implicit rule search has been done.
#  Last modified 2022-06-14 18:18:06.148724307
#  File has been updated.
#  Successfully updated.

OrderedDictionaryEntry.o: colecciones-genericas/collections/OrderedDictionaryEntry.cpp OrderedKey.o ICollectible.o
#  Implicit rule search has not been done.
#  Last modified 2022-06-21 15:40:47.990694527
#  File has been updated.
#  Successfully updated.
#  recipe to execute (from 'Makefile', line 161):
	@$(GXX) -c $^

# Not a target:
colecciones-genericas/collections/List.cpp:
#  Implicit rule search has been done.
#  Last modified 2022-06-14 18:18:06.13272392
#  File has been updated.
#  Successfully updated.

dtVideoJuego.o: Datatypes/dtVideoJuego.cpp
#  Implicit rule search has not been done.
#  Last modified 2022-07-02 18:01:22.244223105
#  File has been updated.
#  Successfully updated.
#  recipe to execute (from 'Makefile', line 136):
	@$(GXX) -c $^

# Not a target:
Funciones/AltaUsuario.cpp:
#  Implicit rule search has not been done.
#  Modification time never checked.
#  File has not been updated.

VerInfoVideojuego.o: Funciones/VerInfoVideojuego.cpp VerificarEnLista.o IControlador.o Fabrica.o
#  Implicit rule search has not been done.
#  Modification time never checked.
#  File has not been updated.
#  recipe to execute (from 'Makefile', line 24):
	@$(GXX) -c $^

# Not a target:
Registro/Registro.cpp:
#  Implicit rule search has been done.
#  Last modified 2022-06-30 14:31:21.967938953
#  File has been updated.
#  Successfully updated.

Suscripcion.o: Suscripcion/Suscripcion.cpp ICollectible.o
#  Implicit rule search has not been done.
#  Last modified 2022-06-21 15:40:47.990694527
#  File has been updated.
#  Successfully updated.
#  recipe to execute (from 'Makefile', line 97):
	@$(GXX) -c $^

OrderedDictionary.o: colecciones-genericas/collections/OrderedDictionary.cpp OrderedDictionaryEntry.o ListNode.o IDictionary.o
#  Implicit rule search has not been done.
#  Last modified 2022-06-21 15:40:47.990694527
#  File has been updated.
#  Successfully updated.
#  recipe to execute (from 'Makefile', line 158):
	@$(GXX) -c $^

Individual.o: Individual/Individual.cpp Partida.o
#  Implicit rule search has not been done.
#  Last modified 2022-07-02 21:01:05.480600627
#  File has been updated.
#  Successfully updated.
#  recipe to execute (from 'Makefile', line 103):
	@$(GXX) -c $^

# Not a target:
main.cpp:
#  Implicit rule search has been done.
#  Last modified 2022-07-02 21:29:51.736998996
#  File has been updated.
#  Successfully updated.

ICollection.o: colecciones-genericas/interfaces/ICollection.cpp IIterator.o
#  Implicit rule search has not been done.
#  Last modified 2022-06-21 15:40:47.986694472
#  File has been updated.
#  Successfully updated.
#  recipe to execute (from 'Makefile', line 178):
	@$(GXX) -c $^

# Not a target:
Datatypes/dtVideoJuego.cpp:
#  Implicit rule search has been done.
#  Last modified 2022-06-29 19:18:02.185049258
#  File has been updated.
#  Successfully updated.

# Not a target:
Fabrica/Fabrica.cpp:
#  Implicit rule search has been done.
#  Last modified 2022-06-19 17:46:43.305132821
#  File has been updated.
#  Successfully updated.

Controlador.o: Controlador/Controlador.cpp Categoria.o Videojuego.o Desarrollador.o Jugador.o Usuario.o
#  Implicit rule search has not been done.
#  Implicit/static pattern stem: ''
#  Last modified 2022-07-03 18:55:32.833733494
#  File has been updated.
#  Needs to be updated (-q is set).
# automatic
# @ := Controlador.o
# automatic
# % := 
# automatic
# * := 
# automatic
# + := Controlador/Controlador.cpp Categoria.o Videojuego.o Desarrollador.o Jugador.o Usuario.o
# automatic
# | := 
# automatic
# < := Controlador/Controlador.cpp
# automatic
# ^ := Controlador/Controlador.cpp Categoria.o Videojuego.o Desarrollador.o Jugador.o Usuario.o
# automatic
# ? := Controlador/Controlador.cpp
# variable set hash-table stats:
# Load=8/32=25%, Rehash=0, Collisions=1/13=8%
#  recipe to execute (from 'Makefile', line 61):
	@$(GXX) -c $^

Videojuego.o: Videojuego/Videojuego.cpp dtVideoJuego.o ICollection.o List.o IDictionary.o OrderedDictionary.o Categoria.o Suscripcion.o dtSuscripcion.o Estadistica.o Desarrollador.o Mensual.o Trimestral.o Anual.o Vitalicia.o
#  Implicit rule search has not been done.
#  Last modified 2022-07-03 18:36:13.008730434
#  File has been updated.
#  Successfully updated.
#  recipe to execute (from 'Makefile', line 73):
	@$(GXX) -c $^

# Not a target:
Funciones/FinalizarPartida.cpp:
#  Implicit rule search has not been done.
#  Modification time never checked.
#  File has not been updated.

# Not a target:
Funciones/EliminarVideojuego.cpp:
#  Implicit rule search has not been done.
#  Modification time never checked.
#  File has not been updated.

Vitalicia.o: Suscripcion/Vitalicia.cpp Suscripcion.o
#  Implicit rule search has not been done.
#  Last modified 2022-07-02 18:01:23.692223411
#  File has been updated.
#  Successfully updated.
#  recipe to execute (from 'Makefile', line 94):
	@$(GXX) -c $^

Contratacion.o: Contratacion/Contratacion.cpp Videojuego.o
#  Implicit rule search has not been done.
#  Last modified 2022-07-03 18:36:13.596731688
#  File has been updated.
#  Successfully updated.
#  recipe to execute (from 'Makefile', line 70):
	@$(GXX) -c $^

# Not a target:
Funciones/SuscribirseAVideojuego.cpp:
#  Implicit rule search has not been done.
#  Modification time never checked.
#  File has not been updated.

EnVivo.o: EnVivo/EnVivo.cpp Multijugador.o ICollection.o List.o Comentario.o
#  Implicit rule search has not been done.
#  Last modified 2022-07-02 21:01:07.716645099
#  File has been updated.
#  Successfully updated.
#  recipe to execute (from 'Makefile', line 106):
	@$(GXX) -c $^

VerificarEnLista.o: Funciones/VerificarEnLista.cpp IControlador.o Fabrica.o
#  Implicit rule search has not been done.
#  Modification time never checked.
#  File has not been updated.
#  recipe to execute (from 'Makefile', line 48):
	@$(GXX) -c $^

# Not a target:
colecciones-genericas/interfaces/ICollectible.cpp:
#  Implicit rule search has been done.
#  Last modified 2022-06-14 18:18:06.148724307
#  File has been updated.
#  Successfully updated.

Partida.o: Partida/Partida.cpp dtPartida.o ICollectible.o String.o Integer.o
#  Implicit rule search has not been done.
#  Last modified 2022-07-02 21:01:04.96059026
#  File has been updated.
#  Successfully updated.
#  recipe to execute (from 'Makefile', line 115):
	@$(GXX) -c $^
 

# Not a target:
Estadistica/Estadistica.cpp:
#  Implicit rule search has been done.
#  Last modified 2022-07-03 18:34:36.592503643
#  File has been updated.
#  Successfully updated.

# Not a target:
Suscripcion/Suscripcion.cpp:
#  Implicit rule search has been done.
#  Last modified 2022-06-14 18:18:06.116723533
#  File has been updated.
#  Successfully updated.

ListNode.o: colecciones-genericas/collections/ListNode.cpp ICollection.o
#  Implicit rule search has not been done.
#  Last modified 2022-06-21 15:40:47.986694472
#  File has been updated.
#  Successfully updated.
#  recipe to execute (from 'Makefile', line 170):
	@$(GXX) -c $^

# Not a target:
colecciones-genericas/interfaces/IDictionary.cpp:
#  Implicit rule search has been done.
#  Last modified 2022-06-14 18:18:06.148724307
#  File has been updated.
#  Successfully updated.

# Not a target:
.DEFAULT:
#  Implicit rule search has not been done.
#  Modification time never checked.
#  File has not been updated.

# Not a target:
Categoria/Categoria.cpp:
#  Implicit rule search has been done.
#  Last modified 2022-07-02 20:12:07.910451926
#  File has been updated.
#  Successfully updated.

String.o: colecciones-genericas/String.cpp ICollectible.o OrderedKey.o
#  Implicit rule search has not been done.
#  Last modified 2022-06-21 15:40:47.990694527
#  File has been updated.
#  Successfully updated.
#  recipe to execute (from 'Makefile', line 147):
	@$(GXX) -c $^

# Not a target:
Funciones/IniciarSesion.cpp:
#  Implicit rule search has not been done.
#  Modification time never checked.
#  File has not been updated.

# Not a target:
Funciones/VerInfoVideojuego.cpp:
#  Implicit rule search has not been done.
#  Modification time never checked.
#  File has not been updated.

Categoria.o: Categoria/Categoria.cpp String.o ICollectible.o dtCategoria.o
#  Implicit rule search has not been done.
#  Last modified 2022-07-02 20:12:34.594516122
#  File has been updated.
#  Successfully updated.
#  recipe to execute (from 'Makefile', line 76):
	@$(GXX) -c $^

# Not a target:
colecciones-genericas/String.cpp:
#  Implicit rule search has been done.
#  Last modified 2022-06-14 18:18:06.13272392
#  File has been updated.
#  Successfully updated.

# Not a target:
Desarrollador/Desarrollador.cpp:
#  Implicit rule search has been done.
#  Last modified 2022-06-28 12:57:31.686605069
#  File has been updated.
#  Successfully updated.

# Not a target:
colecciones-genericas/collections/ListIterator.cpp:
#  Implicit rule search has not been done.
#  Modification time never checked.
#  File has not been updated.

# Not a target:
Suscripcion/Trimestral.cpp:
#  Implicit rule search has been done.
#  Last modified 2022-06-28 18:03:32.847174963
#  File has been updated.
#  Successfully updated.

EliminarVideojuego.o: Funciones/EliminarVideojuego.cpp VerificarEnLista.o IControlador.o Fabrica.o
#  Implicit rule search has not been done.
#  Modification time never checked.
#  File has not been updated.
#  recipe to execute (from 'Makefile', line 27):
	@$(GXX) -c $^

Integer.o: colecciones-genericas/Integer.cpp ICollectible.o OrderedKey.o
#  Implicit rule search has not been done.
#  Last modified 2022-07-02 18:01:24.760223632
#  File has been updated.
#  Successfully updated.
#  recipe to execute (from 'Makefile', line 152):
	@$(GXX) -c $^

OrderedKey.o: colecciones-genericas/interfaces/OrderedKey.cpp IKey.o
#  Implicit rule search has not been done.
#  Last modified 2022-06-21 15:40:47.990694527
#  File has been updated.
#  Successfully updated.
#  recipe to execute (from 'Makefile', line 184):
	@$(GXX) -c $^

# Not a target:
Suscripcion/Anual.cpp:
#  Implicit rule search has been done.
#  Last modified 2022-06-29 19:14:15.585209021
#  File has been updated.
#  Successfully updated.

# Not a target:
Controlador/Controlador.cpp:
#  Implicit rule search has been done.
#  Last modified 2022-07-03 22:22:20.054052573
#  File has been updated.
#  Successfully updated.

dtPartidaIndividual.o: Datatypes/dtPartidaIndividual.cpp dtPartida.o
#  Implicit rule search has not been done.
#  Last modified 2022-07-02 20:57:01.726374239
#  File has been updated.
#  Successfully updated.
#  recipe to execute (from 'Makefile', line 127):
	@$(GXX) -c $^

Mensual.o: Suscripcion/Mensual.cpp Suscripcion.o
#  Implicit rule search has not been done.
#  Last modified 2022-07-02 18:01:23.596223391
#  File has been updated.
#  Successfully updated.
#  recipe to execute (from 'Makefile', line 88):
	@$(GXX) -c $^

List.o: colecciones-genericas/collections/List.cpp ListNode.o
#  Implicit rule search has not been done.
#  Last modified 2022-06-21 15:40:47.986694472
#  File has been updated.
#  Successfully updated.
#  recipe to execute (from 'Makefile', line 164):
	@$(GXX) -c $^

dtJugador.o: Datatypes/dtJugador.cpp
#  Implicit rule search has not been done.
#  Last modified 2022-06-21 15:40:48.002694695
#  File has been updated.
#  Successfully updated.
#  recipe to execute (from 'Makefile', line 124):
	@$(GXX) -c $^

DatosDePrueba.o: Funciones/DatosDePrueba.cpp IControlador.o Fabrica.o
#  Implicit rule search has not been done.
#  Last modified 2022-07-03 19:48:59.273517467
#  File has been updated.
#  Needs to be updated (-q is set).
# variable set hash-table stats:
# Load=0/32=0%, Rehash=0, Collisions=0/4=0%
#  recipe to execute (from 'Makefile', line 21):
	@$(GXX) -c $^

# Not a target:
colecciones-genericas/interfaces/ICollection.cpp:
#  Implicit rule search has been done.
#  Last modified 2022-06-14 18:18:06.148724307
#  File has been updated.
#  Successfully updated.

Anual.o: Suscripcion/Anual.cpp Suscripcion.o
#  Implicit rule search has not been done.
#  Last modified 2022-07-02 18:01:23.54422338
#  File has been updated.
#  Successfully updated.
#  recipe to execute (from 'Makefile', line 85):
	@$(GXX) -c $^

IniciarSesion.o: Funciones/IniciarSesion.cpp IControlador.o Fabrica.o
#  Implicit rule search has not been done.
#  Modification time never checked.
#  File has not been updated.
#  recipe to execute (from 'Makefile', line 45):
	@$(GXX) -c $^

# Not a target:
Datatypes/dtPartidaIndividual.cpp:
#  Implicit rule search has been done.
#  Last modified 2022-07-02 20:57:01.718373982
#  File has been updated.
#  Successfully updated.

Estadistica.o: Estadistica/Estadistica.cpp ICollectible.o dtEstadistica.o String.o
#  Implicit rule search has not been done.
#  Last modified 2022-07-03 18:36:12.400729133
#  File has been updated.
#  Successfully updated.
#  recipe to execute (from 'Makefile', line 100):
	@$(GXX) -c $^

main.o: main.cpp DatosDePrueba.o AltaUsuario.o FinalizarPartida.o IniciarPartida.o EliminarVideojuego.o VerInfoVideojuego.o SuscribirseAVideojuego.o PublicarVideojuego.o IniciarSesion.o
#  Implicit rule search has not been done.
#  Last modified 2022-07-03 18:56:33.142410538
#  File has been updated.
#  Needs to be updated (-q is set).
# variable set hash-table stats:
# Load=0/32=0%, Rehash=0, Collisions=0/4=0%
#  recipe to execute (from 'Makefile', line 16):
	@$(GXX) -c $^

SuscribirseAVideojuego.o: Funciones/SuscribirseAVideojuego.cpp IControlador.o Fabrica.o
#  Implicit rule search has not been done.
#  Modification time never checked.
#  File has not been updated.
#  recipe to execute (from 'Makefile', line 33):
	@$(GXX) -c $^

# Not a target:
Comentario/Comentario.cpp:
#  Implicit rule search has been done.
#  Last modified 2022-06-17 14:28:03.78150645
#  File has been updated.
#  Successfully updated.

# Not a target:
Funciones/VerificarEnLista.cpp:
#  Implicit rule search has not been done.
#  Modification time never checked.
#  File has not been updated.

# Not a target:
Contratacion/Contratacion.cpp:
#  Implicit rule search has been done.
#  Last modified 2022-06-23 13:57:06.686352179
#  File has been updated.
#  Successfully updated.

# Not a target:
Funciones/DatosDePrueba.cpp:
#  Implicit rule search has been done.
#  Last modified 2022-07-03 19:48:59.273517467
#  File has been updated.
#  Successfully updated.

Comentario.o: Comentario/Comentario.cpp ICollectible.o ICollection.o List.o
#  Implicit rule search has not been done.
#  Last modified 2022-07-02 18:01:27.908224259
#  File has been updated.
#  Successfully updated.
#  recipe to execute (from 'Makefile', line 112):
	@$(GXX) -c $^
	

dtSuscripcion.o: Datatypes/dtSuscripcion.cpp
#  Implicit rule search has not been done.
#  Last modified 2022-07-02 18:01:22.656223193
#  File has been updated.
#  Successfully updated.
#  recipe to execute (from 'Makefile', line 142):
	@$(GXX) -c $^

# Not a target:
Jugador/Jugador.cpp:
#  Implicit rule search has been done.
 
#  Last modified 2022-07-03 18:40:11.46513597
#  File has been updated.
#  Successfully updated.

# Not a target:
Datatypes/dtJugador.cpp:
#  Implicit rule search has been done.
#  Last modified 2022-06-17 17:08:52.111225563
#  File has been updated.
#  Successfully updated.

Registro.o: Registro/Registro.cpp dtVideoJuego.o Contratacion.o ICollectible.o ICollection.o List.o
#  Implicit rule search has not been done.
#  Last modified 2022-07-03 18:36:14.168732907
#  File has been updated.
#  Successfully updated.
#  recipe to execute (from 'Makefile', line 67):
	@$(GXX) -c $^

# Not a target:
colecciones-genericas/Integer.cpp:
#  Implicit rule search has been done.
#  Last modified 2022-06-19 18:58:30.413064688
#  File has been updated.
#  Successfully updated.

# Not a target:
Usuario/Usuario.cpp:
#  Implicit rule search has been done.
#  Last modified 2022-06-27 16:01:18.372779547
#  File has been updated.
#  Successfully updated.

AltaUsuario.o: Funciones/AltaUsuario.cpp IControlador.o Fabrica.o
#  Implicit rule search has not been done.
#  Modification time never checked.
#  File has not been updated.
#  recipe to execute (from 'Makefile', line 30):
	@$(GXX) -c $^

dtPartida.o: Datatypes/dtPartida.cpp
#  Implicit rule search has not been done.
#  Last modified 2022-07-02 20:57:01.726374239
#  File has been updated.
#  Successfully updated.
#  recipe to execute (from 'Makefile', line 133):
	@$(GXX) -c $^

IIterator.o: colecciones-genericas/interfaces/IIterator.cpp ICollectible.o
#  Implicit rule search has not been done.
#  Last modified 2022-06-21 15:40:47.986694472
#  File has been updated.
#  Successfully updated.
#  recipe to execute (from 'Makefile', line 181):
	@$(GXX) -c $^

PublicarVideojuego.o: Funciones/PublicarVideojuego.cpp IControlador.o Fabrica.o
#  Implicit rule search has not been done.
#  Modification time never checked.
#  File has not been updated.
#  recipe to execute (from 'Makefile', line 36):
	@$(GXX) -c $^

# Not a target:
Datatypes/dtSuscripcion.cpp:
#  Implicit rule search has been done.
#  Last modified 2022-07-01 17:30:03.624594245
#  File has been updated.
#  Successfully updated.

# Not a target:
colecciones-genericas/collections/OrderedDictionaryEntry.cpp:
#  Implicit rule search has been done.
#  Last modified 2022-06-14 18:18:06.13272392
#  File has been updated.
#  Successfully updated.

IKey.o: colecciones-genericas/interfaces/IKey.cpp
#  Implicit rule search has not been done.
#  Last modified 2022-06-21 15:40:47.986694472
#  File has been updated.
#  Successfully updated.
#  recipe to execute (from 'Makefile', line 187):
	@$(GXX) -c $^

Usuario.o: Usuario/Usuario.cpp ICollectible.o String.o
#  Implicit rule search has not been done.
#  Last modified 2022-06-27 16:01:18.372779547
#  File has been updated.
#  Successfully updated.
#  recipe to execute (from 'Makefile', line 82):
	@$(GXX) -c $^

# Not a target:
IControlador/IControlador.cpp:
#  Implicit rule search has been done.
#  Last modified 2022-06-14 19:51:01.844844344
#  File has been updated.
#  Successfully updated.

# Not a target:
colecciones-genericas/interfaces/OrderedKey.cpp:
#  Implicit rule search has been done.
#  Last modified 2022-06-14 18:18:06.148724307
#  File has been updated.
#  Successfully updated.

# Not a target:
colecciones-genericas/collections/OrderedDictionary.cpp:
#  Implicit rule search has been done.
#  Last modified 2022-06-14 18:18:06.13272392
#  File has been updated.
#  Successfully updated.

# files hash-table stats:
# Load=112/1024=11%, Rehash=0, Collisions=25/405=6%
# VPATH Search Paths

# No 'vpath' search paths.

# No general ('VPATH' variable) search path.

# strcache buffers: 1 (0) / strings = 145 / storage = 2866 B / avg = 19 B
# current buf: size = 8162 B / used = 2866 B / count = 145 / avg = 19 B

# strcache performance: lookups = 436 / hit rate = 66%
# hash-table stats:
# Load=145/8192=2%, Rehash=0, Collisions=22/436=5%
# Finished Make data base on Mon Jul  4 11:13:05 2022

 
